[29/Jun/2020:17:00:06] (I): WordPress Instance Info:
[29/Jun/2020:17:00:06] (I): Home URL : http://localhost/dotco
[29/Jun/2020:17:00:06] (I): Site URL : http://localhost/dotco
[29/Jun/2020:17:00:06] (I): WordPress Version : 5.4.2
[29/Jun/2020:17:00:06] (I): Onboarding Version : 1.0.1
[29/Jun/2020:17:00:06] (I): Multisite : No
[29/Jun/2020:17:00:06] (I): Server Info : Apache/2.4.35 (Win64) OpenSSL/1.1.1b PHP/7.2.19
[29/Jun/2020:17:00:06] (I): PHP Version : 7.2.19
[29/Jun/2020:17:00:06] (I): HTTPS : No
[29/Jun/2020:17:00:06] (I): PHP Max Execution Time : 36000
[29/Jun/2020:17:00:06] (I): PHP Max Input Vars : 1000
[29/Jun/2020:17:00:06] (I): Max Upload Size : 2147483648
[29/Jun/2020:17:00:06] (I): Plugins:
[29/Jun/2020:17:00:06] (I): [PLUGIN] Elementor Pro : v2.10.0 (Elementor.com)
[29/Jun/2020:17:00:06] (I): [PLUGIN] Elementor : v2.9.11 (Elementor.com)
[29/Jun/2020:17:00:06] (I): [PLUGIN] OneClick Chat to Order : v0.1.9.1 (Walter Pinem)
[29/Jun/2020:17:00:06] (I): [PLUGIN] WP2Static : v6.6.7 (Leon Stafford)
[29/Jun/2020:17:00:06] (I): [PLUGIN] Recent Posts Widget With Thumbnails : v6.7.0 (Martin Stehle)
[29/Jun/2020:17:00:06] (I): [PLUGIN] Social Icons Widget &amp; Block by WPZOOM : v4.0.2 (WPZOOM)
[29/Jun/2020:17:00:06] (I): [PLUGIN] Orbit Fox Companion : v2.9.10 (Themeisle)
[29/Jun/2020:17:00:06] (I): [PLUGIN] WooCommerce : v4.2.2 (Automattic)
[29/Jun/2020:17:00:06] (I): [PLUGIN] WP Search with Algolia : v1.3.0 (WebDevStudios)
[29/Jun/2020:17:00:06] (P): Saving remote XML
[29/Jun/2020:17:00:07] (S): Saved remote XML at path C:\apps\www\dotco/wp-content/uploads/themeisle-demo-import.xml.
[29/Jun/2020:17:00:07] (P): Starting content import...
[29/Jun/2020:17:00:07] (S): Import started.
[29/Jun/2020:17:00:07] (S): Parsing XML file.
[29/Jun/2020:17:00:07] (P): Starting parsing file:C:\apps\www\dotco/wp-content/uploads/themeisle-demo-import.xml
[29/Jun/2020:17:00:07] (P): Using WXR_Parser_SimpleXML...
[29/Jun/2020:17:00:07] (S): Parsed XML
[29/Jun/2020:17:00:07] (P): Processing categories...
[29/Jun/2020:17:00:07] (S): Processed categories.
[29/Jun/2020:17:00:07] (P): Processing tags...
[29/Jun/2020:17:00:07] (S): No tags to process.
[29/Jun/2020:17:00:07] (P): Processing terms...
[29/Jun/2020:17:00:07] (S): Processed terms.
[29/Jun/2020:17:00:07] (P): Processing posts...
[29/Jun/2020:17:00:07] (P): Processing attachment: https://s33834.pcdn.co/shop/wp-content/uploads/sites/188/2019/03/nv-shop-slide1.jpg...
[29/Jun/2020:17:00:07] (P): Fetching attachment from url: https://s33834.pcdn.co/shop/wp-content/uploads/sites/188/2019/03/nv-shop-slide1.jpg...
[29/Jun/2020:17:00:08] (S): Fetched remote attachment.
[29/Jun/2020:17:00:08] (P): Inserting attachment...
[29/Jun/2020:17:00:08] (S): Attachment inserted
[29/Jun/2020:17:00:08] (S): Processed attachment.
[29/Jun/2020:17:00:08] (P): Processing attachment: https://s33834.pcdn.co/shop/wp-content/uploads/sites/188/2019/04/placeholder-image.png...
[29/Jun/2020:17:00:08] (P): Fetching attachment from url: https://s33834.pcdn.co/shop/wp-content/uploads/sites/188/2019/04/placeholder-image.png...
[29/Jun/2020:17:00:09] (S): Fetched remote attachment.
[29/Jun/2020:17:00:09] (P): Inserting attachment...
[29/Jun/2020:17:00:09] (S): Attachment inserted
[29/Jun/2020:17:00:09] (S): Processed attachment.
[29/Jun/2020:17:00:09] (P): Processing attachment: https://s33834.pcdn.co/shop/wp-content/uploads/sites/188/2019/03/ayo-ogunseinde-6W4F62sN_yI-unsplash-1.jpg...
[29/Jun/2020:17:00:09] (P): Fetching attachment from url: https://s33834.pcdn.co/shop/wp-content/uploads/sites/188/2019/03/ayo-ogunseinde-6W4F62sN_yI-unsplash-1.jpg...
[29/Jun/2020:17:00:09] (S): Fetched remote attachment.
[29/Jun/2020:17:00:09] (P): Inserting attachment...
[29/Jun/2020:17:00:09] (S): Attachment inserted
[29/Jun/2020:17:00:09] (S): Processed attachment.
[29/Jun/2020:17:00:09] (P): Processing attachment: https://s33834.pcdn.co/shop/wp-content/uploads/sites/188/2019/03/fezbot2000-nahUo1GhcrA-unsplash.jpg...
[29/Jun/2020:17:00:09] (P): Fetching attachment from url: https://s33834.pcdn.co/shop/wp-content/uploads/sites/188/2019/03/fezbot2000-nahUo1GhcrA-unsplash.jpg...
[29/Jun/2020:17:00:10] (S): Fetched remote attachment.
[29/Jun/2020:17:00:10] (P): Inserting attachment...
[29/Jun/2020:17:00:10] (S): Attachment inserted
[29/Jun/2020:17:00:10] (S): Processed attachment.
[29/Jun/2020:17:00:10] (P): Processing attachment: https://s33834.pcdn.co/shop/wp-content/uploads/sites/188/2019/03/guilherme-stecanella-9qquJNwMOos-unsplash-1.jpg...
[29/Jun/2020:17:00:10] (P): Fetching attachment from url: https://s33834.pcdn.co/shop/wp-content/uploads/sites/188/2019/03/guilherme-stecanella-9qquJNwMOos-unsplash-1.jpg...
[29/Jun/2020:17:00:10] (S): Fetched remote attachment.
[29/Jun/2020:17:00:10] (P): Inserting attachment...
[29/Jun/2020:17:00:11] (S): Attachment inserted
[29/Jun/2020:17:00:11] (S): Processed attachment.
[29/Jun/2020:17:00:11] (P): Processing attachment: https://s33834.pcdn.co/shop/wp-content/uploads/sites/188/2019/03/kal-visuals-emxAxutgt-A-unsplash.jpg...
[29/Jun/2020:17:00:11] (P): Fetching attachment from url: https://s33834.pcdn.co/shop/wp-content/uploads/sites/188/2019/03/kal-visuals-emxAxutgt-A-unsplash.jpg...
[29/Jun/2020:17:00:11] (S): Fetched remote attachment.
[29/Jun/2020:17:00:11] (P): Inserting attachment...
[29/Jun/2020:17:00:11] (S): Attachment inserted
[29/Jun/2020:17:00:11] (S): Processed attachment.
[29/Jun/2020:17:00:11] (P): Processing attachment: https://s33834.pcdn.co/shop/wp-content/uploads/sites/188/2019/03/marius-held-gzXThS9ONoI-unsplash.jpg...
[29/Jun/2020:17:00:11] (P): Fetching attachment from url: https://s33834.pcdn.co/shop/wp-content/uploads/sites/188/2019/03/marius-held-gzXThS9ONoI-unsplash.jpg...
[29/Jun/2020:17:00:12] (S): Fetched remote attachment.
[29/Jun/2020:17:00:12] (P): Inserting attachment...
[29/Jun/2020:17:00:12] (S): Attachment inserted
[29/Jun/2020:17:00:12] (S): Processed attachment.
[29/Jun/2020:17:00:12] (P): Processing attachment: https://s33834.pcdn.co/shop/wp-content/uploads/sites/188/2019/03/monica-silva-VlMMBxSZuSI-unsplash-1.jpg...
[29/Jun/2020:17:00:12] (P): Fetching attachment from url: https://s33834.pcdn.co/shop/wp-content/uploads/sites/188/2019/03/monica-silva-VlMMBxSZuSI-unsplash-1.jpg...
[29/Jun/2020:17:00:12] (S): Fetched remote attachment.
[29/Jun/2020:17:00:12] (P): Inserting attachment...
[29/Jun/2020:17:00:12] (S): Attachment inserted
[29/Jun/2020:17:00:12] (S): Processed attachment.
[29/Jun/2020:17:00:12] (P): Processing attachment: https://s33834.pcdn.co/shop/wp-content/uploads/sites/188/2019/03/roland-denes-QT94VAhgzsE-unsplash-1.jpg...
[29/Jun/2020:17:00:12] (P): Fetching attachment from url: https://s33834.pcdn.co/shop/wp-content/uploads/sites/188/2019/03/roland-denes-QT94VAhgzsE-unsplash-1.jpg...
[29/Jun/2020:17:00:13] (S): Fetched remote attachment.
[29/Jun/2020:17:00:13] (P): Inserting attachment...
[29/Jun/2020:17:00:13] (S): Attachment inserted
[29/Jun/2020:17:00:13] (S): Processed attachment.
[29/Jun/2020:17:00:13] (P): Processing attachment: https://s33834.pcdn.co/shop/wp-content/uploads/sites/188/2019/03/tamara-bellis-XGhtJXY-yY-unsplash-1.jpg...
[29/Jun/2020:17:00:13] (P): Fetching attachment from url: https://s33834.pcdn.co/shop/wp-content/uploads/sites/188/2019/03/tamara-bellis-XGhtJXY-yY-unsplash-1.jpg...
[29/Jun/2020:17:00:14] (S): Fetched remote attachment.
[29/Jun/2020:17:00:14] (P): Inserting attachment...
[29/Jun/2020:17:00:14] (S): Attachment inserted
[29/Jun/2020:17:00:14] (S): Processed attachment.
[29/Jun/2020:17:00:14] (P): Processing attachment: https://s33834.pcdn.co/shop/wp-content/uploads/sites/188/2019/03/tamara-bellis-9p8UKueTork-unsplash.jpg...
[29/Jun/2020:17:00:14] (P): Fetching attachment from url: https://s33834.pcdn.co/shop/wp-content/uploads/sites/188/2019/03/tamara-bellis-9p8UKueTork-unsplash.jpg...
[29/Jun/2020:17:00:14] (S): Fetched remote attachment.
[29/Jun/2020:17:00:14] (P): Inserting attachment...
[29/Jun/2020:17:00:14] (S): Attachment inserted
[29/Jun/2020:17:00:14] (S): Processed attachment.
[29/Jun/2020:17:00:14] (P): Processing attachment: https://s33834.pcdn.co/shop/wp-content/uploads/sites/188/2019/07/yuiizaa-september-orYix9zFUZo-unsplash.jpg...
[29/Jun/2020:17:00:14] (P): Fetching attachment from url: https://s33834.pcdn.co/shop/wp-content/uploads/sites/188/2019/07/yuiizaa-september-orYix9zFUZo-unsplash.jpg...
[29/Jun/2020:17:00:15] (S): Fetched remote attachment.
[29/Jun/2020:17:00:15] (P): Inserting attachment...
[29/Jun/2020:17:00:15] (S): Attachment inserted
[29/Jun/2020:17:00:15] (S): Processed attachment.
[29/Jun/2020:17:00:15] (P): Processing attachment: https://s33834.pcdn.co/shop/wp-content/uploads/sites/188/2019/07/joshua-rawson-harris-bMMOBVp6KQU-unsplash.jpg...
[29/Jun/2020:17:00:15] (P): Fetching attachment from url: https://s33834.pcdn.co/shop/wp-content/uploads/sites/188/2019/07/joshua-rawson-harris-bMMOBVp6KQU-unsplash.jpg...
[29/Jun/2020:17:00:17] (S): Fetched remote attachment.
[29/Jun/2020:17:00:17] (P): Inserting attachment...
[29/Jun/2020:17:00:17] (S): Attachment inserted
[29/Jun/2020:17:00:17] (S): Processed attachment.
[29/Jun/2020:17:00:17] (P): Processing attachment: https://s33834.pcdn.co/shop/wp-content/uploads/sites/188/2019/07/aldair-vargas-3JPxEsnwNrM-unsplash.jpg...
[29/Jun/2020:17:00:17] (P): Fetching attachment from url: https://s33834.pcdn.co/shop/wp-content/uploads/sites/188/2019/07/aldair-vargas-3JPxEsnwNrM-unsplash.jpg...
[29/Jun/2020:17:00:17] (S): Fetched remote attachment.
[29/Jun/2020:17:00:17] (P): Inserting attachment...
[29/Jun/2020:17:00:17] (S): Attachment inserted
[29/Jun/2020:17:00:17] (S): Processed attachment.
[29/Jun/2020:17:00:17] (P): Processing attachment: https://s33834.pcdn.co/shop/wp-content/uploads/sites/188/2019/07/whereslugo-croTkGSyM64-unsplash.jpg...
[29/Jun/2020:17:00:17] (P): Fetching attachment from url: https://s33834.pcdn.co/shop/wp-content/uploads/sites/188/2019/07/whereslugo-croTkGSyM64-unsplash.jpg...
[29/Jun/2020:17:00:18] (S): Fetched remote attachment.
[29/Jun/2020:17:00:18] (P): Inserting attachment...
[29/Jun/2020:17:00:18] (S): Attachment inserted
[29/Jun/2020:17:00:18] (S): Processed attachment.
[29/Jun/2020:17:00:18] (P): Processing attachment: https://s33834.pcdn.co/shop/wp-content/uploads/sites/188/2019/07/alex-perez-VLPLo-GtrIE-unsplash.jpg...
[29/Jun/2020:17:00:18] (P): Fetching attachment from url: https://s33834.pcdn.co/shop/wp-content/uploads/sites/188/2019/07/alex-perez-VLPLo-GtrIE-unsplash.jpg...
[29/Jun/2020:17:00:18] (S): Fetched remote attachment.
[29/Jun/2020:17:00:18] (P): Inserting attachment...
[29/Jun/2020:17:00:18] (S): Attachment inserted
[29/Jun/2020:17:00:18] (S): Processed attachment.
[29/Jun/2020:17:00:18] (P): Processing attachment: https://s33834.pcdn.co/shop/wp-content/uploads/sites/188/2019/07/daniel-monteiro-u8yJtV_9M9U-unsplash.jpg...
[29/Jun/2020:17:00:18] (P): Fetching attachment from url: https://s33834.pcdn.co/shop/wp-content/uploads/sites/188/2019/07/daniel-monteiro-u8yJtV_9M9U-unsplash.jpg...
[29/Jun/2020:17:00:19] (S): Fetched remote attachment.
[29/Jun/2020:17:00:19] (P): Inserting attachment...
[29/Jun/2020:17:00:19] (S): Attachment inserted
[29/Jun/2020:17:00:19] (S): Processed attachment.
[29/Jun/2020:17:00:19] (P): Processing attachment: https://s33834.pcdn.co/shop/wp-content/uploads/sites/188/2019/03/james-connolly-WUo0EdSv9OU-unsplash.jpg...
[29/Jun/2020:17:00:19] (P): Fetching attachment from url: https://s33834.pcdn.co/shop/wp-content/uploads/sites/188/2019/03/james-connolly-WUo0EdSv9OU-unsplash.jpg...
[29/Jun/2020:17:00:20] (S): Fetched remote attachment.
[29/Jun/2020:17:00:20] (P): Inserting attachment...
[29/Jun/2020:17:00:20] (S): Attachment inserted
[29/Jun/2020:17:00:20] (S): Processed attachment.
[29/Jun/2020:17:00:20] (P): Processing attachment: https://s33834.pcdn.co/shop/wp-content/uploads/sites/188/2019/03/khachik-simonian-nXOB-wh4Oyc-unsplash.jpg...
[29/Jun/2020:17:00:20] (P): Fetching attachment from url: https://s33834.pcdn.co/shop/wp-content/uploads/sites/188/2019/03/khachik-simonian-nXOB-wh4Oyc-unsplash.jpg...
[29/Jun/2020:17:00:20] (S): Fetched remote attachment.
[29/Jun/2020:17:00:20] (P): Inserting attachment...
[29/Jun/2020:17:00:20] (S): Attachment inserted
[29/Jun/2020:17:00:20] (S): Processed attachment.
[29/Jun/2020:17:00:20] (P): Processing attachment: https://s33834.pcdn.co/shop/wp-content/uploads/sites/188/2019/03/alex-perez-NLUkAA-nDdE-unsplash.jpg...
[29/Jun/2020:17:00:20] (P): Fetching attachment from url: https://s33834.pcdn.co/shop/wp-content/uploads/sites/188/2019/03/alex-perez-NLUkAA-nDdE-unsplash.jpg...
[29/Jun/2020:17:00:21] (S): Fetched remote attachment.
[29/Jun/2020:17:00:21] (P): Inserting attachment...
[29/Jun/2020:17:00:21] (S): Attachment inserted
[29/Jun/2020:17:00:21] (S): Processed attachment.
[29/Jun/2020:17:00:21] (P): Inserting page: Home .
[29/Jun/2020:17:00:22] (S): Done inserting page: Home .
[29/Jun/2020:17:00:22] (P): Filtering elementor meta...
[29/Jun/2020:17:00:22] (S): Filtered elementor meta.
[29/Jun/2020:17:00:22] (P): Inserting custom_css: neve .
[29/Jun/2020:17:00:22] (S): Done inserting custom_css: neve .
[29/Jun/2020:17:00:22] (P): Inserting page: Shop .
[29/Jun/2020:17:00:22] (S): Done inserting page: Shop .
[29/Jun/2020:17:00:22] (P): Inserting page: Cart .
[29/Jun/2020:17:00:22] (S): Done inserting page: Cart .
[29/Jun/2020:17:00:22] (P): Inserting page: Checkout .
[29/Jun/2020:17:00:23] (S): Done inserting page: Checkout .
[29/Jun/2020:17:00:23] (P): Inserting page: My account .
[29/Jun/2020:17:00:23] (S): Done inserting page: My account .
[29/Jun/2020:17:00:23] (P): Inserting page: About Us .
[29/Jun/2020:17:00:23] (S): Done inserting page: About Us .
[29/Jun/2020:17:00:23] (P): Filtering elementor meta...
[29/Jun/2020:17:00:23] (S): Filtered elementor meta.
[29/Jun/2020:17:00:23] (P): Inserting page: Contact .
[29/Jun/2020:17:00:24] (S): Done inserting page: Contact .
[29/Jun/2020:17:00:24] (P): Filtering elementor meta...
[29/Jun/2020:17:00:24] (S): Filtered elementor meta.
[29/Jun/2020:17:00:24] (P): Inserting page: Blog .
[29/Jun/2020:17:00:24] (S): Done inserting page: Blog .
[29/Jun/2020:17:00:24] (P): Processing single menu item ' '...
[29/Jun/2020:17:00:24] (S): Processed single menu item.
[29/Jun/2020:17:00:24] (P): Processing single menu item ' '...
[29/Jun/2020:17:00:24] (S): Processed single menu item.
[29/Jun/2020:17:00:24] (P): Processing single menu item ' About '...
[29/Jun/2020:17:00:24] (S): Processed single menu item.
[29/Jun/2020:17:00:24] (P): Processing single menu item ' '...
[29/Jun/2020:17:00:24] (S): Processed single menu item.
[29/Jun/2020:17:00:24] (P): Processing single menu item ' '...
[29/Jun/2020:17:00:24] (S): Processed single menu item.
[29/Jun/2020:17:00:24] (P): Processing single menu item ' '...
[29/Jun/2020:17:00:24] (S): Processed single menu item.
[29/Jun/2020:17:00:24] (P): Processing single menu item ' '...
[29/Jun/2020:17:00:24] (S): Processed single menu item.
[29/Jun/2020:17:00:24] (P): Processing single menu item ' '...
[29/Jun/2020:17:00:24] (S): Processed single menu item.
[29/Jun/2020:17:00:24] (P): Processing single menu item ' Hats '...
[29/Jun/2020:17:00:24] (S): Processed single menu item.
[29/Jun/2020:17:00:24] (P): Processing single menu item ' '...
[29/Jun/2020:17:00:24] (S): Processed single menu item.
[29/Jun/2020:17:00:24] (P): Processing attachment: https://s33834.pcdn.co/shop/wp-content/uploads/sites/188/woocommerce-placeholder.png...
[29/Jun/2020:17:00:24] (P): Fetching attachment from url: https://s33834.pcdn.co/shop/wp-content/uploads/sites/188/woocommerce-placeholder.png...
[29/Jun/2020:17:00:25] (S): Fetched remote attachment.
[29/Jun/2020:17:00:25] (P): Inserting attachment...
[29/Jun/2020:17:00:25] (S): Attachment inserted
[29/Jun/2020:17:00:25] (S): Processed attachment.
[29/Jun/2020:17:00:25] (S): Processed posts.
[29/Jun/2020:17:00:25] (P): Cleaning up import with id ...
[29/Jun/2020:17:00:25] (P): Done cleanup. Flushing cache...
[29/Jun/2020:17:00:25] (P): Flushed cache. Removing temporary data..
[29/Jun/2020:17:00:25] (S): Done importing
[29/Jun/2020:17:00:25] (P): Busting elementor cache
[29/Jun/2020:17:00:25] (S): Front page set up with id: 261.
[29/Jun/2020:17:00:25] (P): Setting up shop page.
[29/Jun/2020:17:00:25] (S): Shop pages set up.
